<?xml version="1.0" encoding="UTF-8"?><testsuite errors="0" failures="0" name="com.bestbuy.testsuits.ProductsCRUDTest" skipped="0" tests="4" time="5.19" timestamp="2023-01-03T20:18:17.225Z[Europe/London]"><testcase classname="com.bestbuy.testsuits.ProductsCRUDTest" name="Creating new Product data"/><testcase classname="com.bestbuy.testsuits.ProductsCRUDTest" name="Creating new Product data"/><testcase classname="com.bestbuy.testsuits.ProductsCRUDTest" name="Update product by Id "/><testcase classname="com.bestbuy.testsuits.ProductsCRUDTest" name="Delete Product by id"/></testsuite>