<?xml version="1.0" encoding="UTF-8"?><testsuite errors="0" failures="0" name="com.bestbuy.testsuits.StoreCRUDTest" skipped="0" tests="4" time="0.32" timestamp="2023-01-03T20:16:55.689Z[Europe/London]"><testcase classname="com.bestbuy.testsuits.StoreCRUDTest" name="Create new store data"/><testcase classname="com.bestbuy.testsuits.StoreCRUDTest" name="Get store Detail"/><testcase classname="com.bestbuy.testsuits.StoreCRUDTest" name="Update store by Id "/><testcase classname="com.bestbuy.testsuits.StoreCRUDTest" name="Delete store by id"/></testsuite>